<?xml version="1.0" encoding="UTF-8"?>
<robot generated="20160112 15:39:29.491" generator="Robot 3.0 (Python 2.7.9 on win32)">
<suite source="C:\RobotFramework\Scripts\test\Test_with_Jenkins" id="s1" name="Test with Jenkins">
<suite source="C:\RobotFramework\Scripts\test\Test_with_Jenkins\Login_to_LH" id="s1-s1" name="Login to LH">
<suite source="C:\RobotFramework\Scripts\test\Test_with_Jenkins\Login_to_LH\Login_Suit.txt" id="s1-s1-s1" name="Login Suit">
<test id="s1-s1-s1-t1" name="Login">
<kw name="Open Browser" library="Selenium2Library">
<doc>Opens a new browser instance to given URL.</doc>
<arguments>
<arg>${PageURL}</arg>
<arg>Chrome</arg>
</arguments>
<msg timestamp="20160112 15:39:29.628" level="INFO">Opening browser 'Chrome' to base url 'http://172.16.23.58:280/#/login'</msg>
<status status="PASS" endtime="20160112 15:39:35.065" starttime="20160112 15:39:29.628"></status>
</kw>
<kw name="Maximize Browser Window" library="Selenium2Library">
<doc>Maximizes current browser window.</doc>
<status status="PASS" endtime="20160112 15:39:35.238" starttime="20160112 15:39:35.066"></status>
</kw>
<kw name="Wait Until Page Contains Element" library="Selenium2Library">
<doc>Waits until element specified with `locator` appears on current page.</doc>
<arguments>
<arg>${LoginFieldUsername}</arg>
</arguments>
<status status="PASS" endtime="20160112 15:39:35.267" starttime="20160112 15:39:35.238"></status>
</kw>
<kw name="Wait Until Element Is Visible" library="Selenium2Library">
<doc>Waits until element specified with `locator` is visible.</doc>
<arguments>
<arg>${LoginFieldUsername}</arg>
</arguments>
<status status="PASS" endtime="20160112 15:39:35.306" starttime="20160112 15:39:35.267"></status>
</kw>
<kw name="Wait Until Page Contains" library="Selenium2Library">
<doc>Waits until `text` appears on current page.</doc>
<arguments>
<arg>ลืมรหัสผ่าน ? ส่งรหัสผ่านไปที่อีเมล์ของฉัน</arg>
<arg>30s</arg>
</arguments>
<status status="PASS" endtime="20160112 15:39:35.336" starttime="20160112 15:39:35.306"></status>
</kw>
<kw name="Input Text" library="Selenium2Library">
<doc>Types the given `text` into text field identified by `locator`.</doc>
<arguments>
<arg>${LoginFieldUsername}</arg>
<arg>imm</arg>
</arguments>
<msg timestamp="20160112 15:39:35.337" level="INFO">Typing text 'imm' into text field 'txtUserName'</msg>
<status status="PASS" endtime="20160112 15:39:35.429" starttime="20160112 15:39:35.336"></status>
</kw>
<kw name="Input Text" library="Selenium2Library">
<doc>Types the given `text` into text field identified by `locator`.</doc>
<arguments>
<arg>${LoginFieldPassword}</arg>
<arg>pornthida</arg>
</arguments>
<msg timestamp="20160112 15:39:35.432" level="INFO">Typing text 'pornthida' into text field 'txtPassword'</msg>
<status status="PASS" endtime="20160112 15:39:35.545" starttime="20160112 15:39:35.431"></status>
</kw>
<kw name="Click Element" library="Selenium2Library">
<doc>Click element identified by `locator`.</doc>
<arguments>
<arg>${LoginButtonSubmit}</arg>
</arguments>
<msg timestamp="20160112 15:39:35.548" level="INFO">Clicking element 'btnLogin'.</msg>
<status status="PASS" endtime="20160112 15:39:35.619" starttime="20160112 15:39:35.546"></status>
</kw>
<kw name="Wait Until Page Contains" library="Selenium2Library">
<doc>Waits until `text` appears on current page.</doc>
<arguments>
<arg>ยินดีต้อนรับสู่ระบบกองทุนสำรองเลี้ยงชีพ</arg>
</arguments>
<status status="PASS" endtime="20160112 15:39:36.108" starttime="20160112 15:39:35.620"></status>
</kw>
<doc>*Login Valid Case*
1. Open browser.
2. Verify that the Login page is displayed.
3. Enter valid username to Username field.
4. Enter valid password to Password field.
5. Click Submit button.
6. Verify that the Welcome page is displayed.</doc>
<status status="PASS" endtime="20160112 15:39:36.108" critical="yes" starttime="20160112 15:39:29.627"></status>
</test>
<test id="s1-s1-s1-t2" name="Logout">
<kw name="Wait Until Page Contains Element" library="Selenium2Library">
<doc>Waits until element specified with `locator` appears on current page.</doc>
<arguments>
<arg>${SettingButton}</arg>
</arguments>
<status status="PASS" endtime="20160112 15:39:36.166" starttime="20160112 15:39:36.110"></status>
</kw>
<kw name="Wait Until Element Is Visible" library="Selenium2Library">
<doc>Waits until element specified with `locator` is visible.</doc>
<arguments>
<arg>${SettingButton}</arg>
</arguments>
<status status="PASS" endtime="20160112 15:39:36.200" starttime="20160112 15:39:36.166"></status>
</kw>
<kw name="Click Element" library="Selenium2Library">
<doc>Click element identified by `locator`.</doc>
<arguments>
<arg>${SettingButton}</arg>
</arguments>
<msg timestamp="20160112 15:39:36.201" level="INFO">Clicking element 'xpath=//*[@id="ng-app"]/body/header/div[3]/div/div'.</msg>
<kw name="Capture Page Screenshot" library="Selenium2Library">
<doc>Takes a screenshot of the current page and embeds it into the log.</doc>
<msg timestamp="20160112 15:39:36.388" html="yes" level="INFO">&lt;/td&gt;&lt;/tr&gt;&lt;tr&gt;&lt;td colspan="3"&gt;&lt;a href="selenium-screenshot-1.png"&gt;&lt;img src="selenium-screenshot-1.png" width="800px"&gt;&lt;/a&gt;</msg>
<status status="PASS" endtime="20160112 15:39:36.388" starttime="20160112 15:39:36.243"></status>
</kw>
<msg timestamp="20160112 15:39:36.390" level="FAIL">WebDriverException: Message: unknown error: Element is not clickable at point (1320, 33). Other element would receive the click: &lt;div class="block-ui-overlay"&gt;&lt;/div&gt;
  (Session info: chrome=47.0.2526.106)
  (Driver info: chromedriver=2.20.353145 (343b531d31eeb933ec778dbcf7081628a1396067),platform=Windows NT 6.3 x86_64)
</msg>
<status status="FAIL" endtime="20160112 15:39:36.390" starttime="20160112 15:39:36.200"></status>
</kw>
<doc>*Logout Valid Case*
1. Click Setting button.
2. Click Logout button.
3. Verify that the Logout page is displayed.</doc>
<status status="FAIL" endtime="20160112 15:39:36.391" critical="yes" starttime="20160112 15:39:36.109">WebDriverException: Message: unknown error: Element is not clickable at point (1320, 33). Other element would receive the click: &lt;div class="block-ui-overlay"&gt;&lt;/div&gt;
  (Session info: chrome=47.0.2526.106)
  (Driver info: chromedriver=2.20.353145 (343b531d31eeb933ec778dbcf7081628a1396067),platform=Windows NT 6.3 x86_64)
</status>
</test>
<status status="FAIL" endtime="20160112 15:39:36.392" starttime="20160112 15:39:29.530"></status>
</suite>
<status status="FAIL" endtime="20160112 15:39:36.395" starttime="20160112 15:39:29.528"></status>
</suite>
<status status="FAIL" endtime="20160112 15:39:36.397" starttime="20160112 15:39:29.503"></status>
</suite>
<statistics>
<total>
<stat fail="1" pass="1">Critical Tests</stat>
<stat fail="1" pass="1">All Tests</stat>
</total>
<tag>
</tag>
<suite>
<stat fail="1" id="s1" name="Test with Jenkins" pass="1">Test with Jenkins</stat>
<stat fail="1" id="s1-s1" name="Login to LH" pass="1">Test with Jenkins.Login to LH</stat>
<stat fail="1" id="s1-s1-s1" name="Login Suit" pass="1">Test with Jenkins.Login to LH.Login Suit</stat>
</suite>
</statistics>
<errors>
</errors>
</robot>
